1654047444979	geckodriver	INFO	Listening on 127.0.0.1:61299
1654047448001	mozrunner::runner	INFO	Running command: "C:\\Program Files\\Mozilla Firefox\\firefox.exe" "--marionette" "--remote-debugging-port" "61300" "--remote-allow-hosts" "localhost" "-no-remote" "-profile" "C:\\Users\\vinic\\AppData\\Local\\Temp\\rust_mozprofile0QsFo4"
1654047448431	Marionette	INFO	Marionette enabled
WebDriver BiDi listening on ws://localhost:61300
console.warn: SearchSettings: "get: No settings file exists, new profile?" (new NotFoundError("Could not open the file at C:\\Users\\vinic\\AppData\\Local\\Temp\\rust_mozprofile0QsFo4\\search.json.mozlz4", (void 0)))
1654047451577	Marionette	INFO	Listening on port 61322
DevTools listening on ws://localhost:61300/devtools/browser/cb8770e2-6297-4d52-8b3f-41ce3d42e8f5
Read port: 61322
1654047451751	RemoteAgent	WARN	TLS certificate errors will be ignored for this session
JavaScript warning: https://pagead2.googlesyndication.com/bg/BlV8lHKGnk03wUyhHWlg9fV4CiK26Crs8dLo7bQbDuA.js line 2 > eval line 4939 > eval line 1 > eval line 1 > eval, line 1: WEBGL_debug_renderer_info is deprecated in Firefox and will be removed. Please use RENDERER.
1654047461644	Marionette	INFO	Stopped listening on port 61322
JavaScript warning: https://cdn.js7k.com/ix/talon-1.0.40.js, line 1: WEBGL_debug_renderer_info is deprecated in Firefox and will be removed. Please use RENDERER.
JavaScript warning: https://cdn.js7k.com/ix/talon-1.0.40.js, line 1: WEBGL_debug_renderer_info is deprecated in Firefox and will be removed. Please use RENDERER.
JavaScript warning: https://cdn.js7k.com/ix/talon-1.0.40.js, line 1: WEBGL_debug_renderer_info is deprecated in Firefox and will be removed. Please use RENDERER.
JavaScript warning: https://cdn.js7k.com/ix/talon-1.0.40.js, line 1: WEBGL_debug_renderer_info is deprecated in Firefox and will be removed. Please use RENDERER.

###!!! [Parent][PContentParent] Error: Send(msgname=PContent::Reply_DiscardBrowsingContext) Closed channel: cannot send/recv


###!!! [Parent][PContentParent] Error: Send(msgname=PContent::Reply_DiscardBrowsingContext) Closed channel: cannot send/recv


###!!! [Parent][PContentParent] Error: Send(msgname=PContent::Reply_DiscardBrowsingContext) Closed channel: cannot send/recv


###!!! [Parent][PContentParent] Error: Send(msgname=PContent::Reply_DiscardBrowsingContext) Closed channel: cannot send/recv


###!!! [Parent][PContentParent] Error: Send(msgname=PContent::Reply_DiscardBrowsingContext) Closed channel: cannot send/recv


###!!! [Parent][PContentParent] Error: Send(msgname=PContent::Reply_DiscardBrowsingContext) Closed channel: cannot send/recv


###!!! [Parent][PContentParent] Error: Send(msgname=PContent::Reply_DiscardBrowsingContext) Closed channel: cannot send/recv


###!!! [Parent][PContentParent] Error: Send(msgname=PContent::Reply_DiscardBrowsingContext) Closed channel: cannot send/recv


###!!! [Parent][PContentParent] Error: Send(msgname=PContent::Reply_DiscardBrowsingContext) Closed channel: cannot send/recv


###!!! [Parent][PContentParent] Error: Send(msgname=PContent::Reply_DiscardBrowsingContext) Closed channel: cannot send/recv


###!!! [Parent][PContentParent] Error: Send(msgname=PContent::Reply_DiscardBrowsingContext) Closed channel: cannot send/recv


###!!! [Parent][PContentParent] Error: Send(msgname=PContent::Reply_DiscardBrowsingContext) Closed channel: cannot send/recv


###!!! [Parent][PContentParent] Error: Send(msgname=PContent::Reply_DiscardBrowsingContext) Closed channel: cannot send/recv


###!!! [Parent][PContentParent] Error: Send(msgname=PContent::Reply_DiscardBrowsingContext) Closed channel: cannot send/recv


###!!! [Parent][PContentParent] Error: Send(msgname=PContent::Reply_DiscardBrowsingContext) Closed channel: cannot send/recv


###!!! [Parent][PContentParent] Error: Send(msgname=PContent::Reply_DiscardBrowsingContext) Closed channel: cannot send/recv


###!!! [Parent][PContentParent] Error: Send(msgname=PContent::Reply_DiscardBrowsingContext) Closed channel: cannot send/recv


###!!! [Parent][PContentParent] Error: Send(msgname=PContent::Reply_DiscardBrowsingContext) Closed channel: cannot send/recv


###!!! [Parent][PContentParent] Error: Send(msgname=PContent::Reply_DiscardBrowsingContext) Closed channel: cannot send/recv


###!!! [Parent][PContentParent] Error: Send(msgname=PContent::Reply_DiscardBrowsingContext) Closed channel: cannot send/recv


###!!! [Parent][PContentParent] Error: Send(msgname=PContent::Reply_DiscardBrowsingContext) Closed channel: cannot send/recv


###!!! [Parent][PContentParent] Error: Send(msgname=PContent::Reply_DiscardBrowsingContext) Closed channel: cannot send/recv


###!!! [Parent][PContentParent] Error: Send(msgname=PContent::Reply_DiscardBrowsingContext) Closed channel: cannot send/recv


###!!! [Parent][PContentParent] Error: Send(msgname=PContent::Reply_DiscardBrowsingContext) Closed channel: cannot send/recv


###!!! [Parent][PContentParent] Error: Send(msgname=PContent::Reply_DiscardBrowsingContext) Closed channel: cannot send/recv


###!!! [Parent][PContentParent] Error: Send(msgname=PContent::Reply_DiscardBrowsingContext) Closed channel: cannot send/recv


###!!! [Parent][PContentParent] Error: Send(msgname=PContent::Reply_DiscardBrowsingContext) Closed channel: cannot send/recv


###!!! [Parent][PContentParent] Error: Send(msgname=PContent::Reply_DiscardBrowsingContext) Closed channel: cannot send/recv


###!!! [Parent][PContentParent] Error: Send(msgname=PContent::Reply_DiscardBrowsingContext) Closed channel: cannot send/recv


###!!! [Parent][PContentParent] Error: Send(msgname=PContent::Reply_DiscardBrowsingContext) Closed channel: cannot send/recv


###!!! [Parent][PContentParent] Error: Send(msgname=PContent::Reply_DiscardBrowsingContext) Closed channel: cannot send/recv


###!!! [Parent][PContentParent] Error: Send(msgname=PContent::Reply_DiscardBrowsingContext) Closed channel: cannot send/recv


###!!! [Parent][PContentParent] Error: Send(msgname=PContent::Reply_DiscardBrowsingContext) Closed channel: cannot send/recv


###!!! [Parent][PContentParent] Error: Send(msgname=PContent::Reply_DiscardBrowsingContext) Closed channel: cannot send/recv


###!!! [Parent][PContentParent] Error: Send(msgname=PContent::Msg_DestroyBrowsingContextGroup) Closed channel: cannot send/recv


###!!! [Child][PContentChild] Error: Send(msgname=PHttpChannel::Msg_DeletingChannel) Channel closing: too late to send/recv, messages will be lost


###!!! [Child][PContentChild] Error: Send(msgname=PHttpChannel::Msg_DeletingChannel) Channel closing: too late to send/recv, messages will be lost


###!!! [Child][PContentChild] Error: Send(msgname=PHttpChannel::Msg_DeletingChannel) Channel closing: too late to send/recv, messages will be lost


###!!! [Child][PContentChild] Error: Send(msgname=PHttpChannel::Msg_DeletingChannel) Channel closing: too late to send/recv, messages will be lost


###!!! [Child][PContentChild] Error: Send(msgname=PHttpChannel::Msg_DeletingChannel) Channel closing: too late to send/recv, messages will be lost


###!!! [Child][PContentChild] Error: Send(msgname=PHttpChannel::Msg_DeletingChannel) Channel closing: too late to send/recv, messages will be lost


###!!! [Child][PContentChild] Error: Send(msgname=PHttpChannel::Msg_DeletingChannel) Channel closing: too late to send/recv, messages will be lost


###!!! [Child][PContentChild] Error: Send(msgname=PHttpChannel::Msg_DeletingChannel) Channel closing: too late to send/recv, messages will be lost


###!!! [Child][PContentChild] Error: Send(msgname=PHttpChannel::Msg_Cancel) Channel closing: too late to send/recv, messages will be lost


###!!! [Child][PContentChild] Error: Send(msgname=PHttpChannel::Msg_DeletingChannel) Channel closing: too late to send/recv, messages will be lost


###!!! [Child][PContentChild] Error: Send(msgname=PHttpChannel::Msg_Cancel) Channel closing: too late to send/recv, messages will be lost


###!!! [Child][PContentChild] Error: Send(msgname=PHttpChannel::Msg_DeletingChannel) Channel closing: too late to send/recv, messages will be lost


###!!! [Child][PContentChild] Error: Send(msgname=PHttpChannel::Msg_DeletingChannel) Channel closing: too late to send/recv, messages will be lost


###!!! [Child][PContentChild] Error: Send(msgname=PHttpChannel::Msg_Cancel) Channel closing: too late to send/recv, messages will be lost


###!!! [Child][PContentChild] Error: Send(msgname=PHttpChannel::Msg_DeletingChannel) Channel closing: too late to send/recv, messages will be lost


###!!! [Child][PContentChild] Error: Send(msgname=PNecko::Msg_PredLearn) Channel closing: too late to send/recv, messages will be lost


###!!! [Child][PContentChild] Error: RunMessage(msgname=PHttpChannel::Msg_FailedAsyncOpen) Channel closing: too late to send/recv, messages will be lost


###!!! [Child][PContentChild] Error: Send(msgname=PContent::Msg_ScriptError) Channel closing: too late to send/recv, messages will be lost


###!!! [Child][PContentChild] Error: Send(msgname=PContent::Msg_ScriptError) Channel closing: too late to send/recv, messages will be lost


###!!! [Child][PContentChild] Error: RunMessage(msgname=PHttpChannel::Msg_FailedAsyncOpen) Channel closing: too late to send/recv, messages will be lost


###!!! [Child][PContentChild] Error: RunMessage(msgname=PHttpChannel::Msg_FailedAsyncOpen) Channel closing: too late to send/recv, messages will be lost


###!!! [Child][PContentChild] Error: Send(msgname=PContent::Msg_ScriptError) Channel closing: too late to send/recv, messages will be lost


###!!! [Child][PContentChild] Error: Send(msgname=PContent::Msg_ScriptError) Channel closing: too late to send/recv, messages will be lost


###!!! [Child][PContentChild] Error: RunMessage(msgname=PHttpChannel::Msg_FailedAsyncOpen) Channel closing: too late to send/recv, messages will be lost


###!!! [Child][PContentChild] Error: RunMessage(msgname=PHttpChannel::Msg_FailedAsyncOpen) Channel closing: too late to send/recv, messages will be lost


###!!! [Child][PContentChild] Error: Send(msgname=PContent::Msg_ScriptError) Channel closing: too late to send/recv, messages will be lost


###!!! [Child][PContentChild] Error: Send(msgname=PContent::Msg_ScriptError) Channel closing: too late to send/recv, messages will be lost


###!!! [Child][PContentChild] Error: RunMessage(msgname=PHttpChannel::Msg_FailedAsyncOpen) Channel closing: too late to send/recv, messages will be lost


###!!! [Child][PContentChild] Error: RunMessage(msgname=PHttpChannel::Msg_FailedAsyncOpen) Channel closing: too late to send/recv, messages will be lost


###!!! [Child][PContentChild] Error: Send(msgname=PContent::Msg_ScriptError) Channel closing: too late to send/recv, messages will be lost


###!!! [Child][PContentChild] Error: Send(msgname=PContent::Msg_ScriptError) Channel closing: too late to send/recv, messages will be lost


###!!! [Child][PContentChild] Error: RunMessage(msgname=PHttpChannel::Msg_FailedAsyncOpen) Channel closing: too late to send/recv, messages will be lost


###!!! [Child][PContentChild] Error: RunMessage(msgname=PHttpChannel::Msg_FailedAsyncOpen) Channel closing: too late to send/recv, messages will be lost


###!!! [Child][PContentChild] Error: RunMessage(msgname=PHttpChannel::Msg_FailedAsyncOpen) Channel closing: too late to send/recv, messages will be lost


###!!! [Child][PContentChild] Error: RunMessage(msgname=PHttpChannel::Msg_FailedAsyncOpen) Channel closing: too late to send/recv, messages will be lost


###!!! [Child][PContentChild] Error: RunMessage(msgname=PHttpChannel::Msg_FailedAsyncOpen) Channel closing: too late to send/recv, messages will be lost


###!!! [Child][PContentChild] Error: RunMessage(msgname=PHttpChannel::Msg_FailedAsyncOpen) Channel closing: too late to send/recv, messages will be lost


###!!! [Child][PContentChild] Error: RunMessage(msgname=PContent::Msg_DiscardBrowsingContext) Channel closing: too late to send/recv, messages will be lost


###!!! [Child][PContentChild] Error: RunMessage(msgname=PContent::Msg_DiscardBrowsingContext) Channel closing: too late to send/recv, messages will be lost


###!!! [Child][PContentChild] Error: RunMessage(msgname=PContent::Msg_DiscardBrowsingContext) Channel closing: too late to send/recv, messages will be lost


###!!! [Child][PContentChild] Error: RunMessage(msgname=PContent::Msg_DiscardBrowsingContext) Channel closing: too late to send/recv, messages will be lost


###!!! [Child][PContentChild] Error: RunMessage(msgname=PContent::Msg_DiscardBrowsingContext) Channel closing: too late to send/recv, messages will be lost


###!!! [Child][PContentChild] Error: RunMessage(msgname=PContent::Msg_DiscardBrowsingContext) Channel closing: too late to send/recv, messages will be lost


###!!! [Child][PContentChild] Error: RunMessage(msgname=PContent::Msg_DiscardBrowsingContext) Channel closing: too late to send/recv, messages will be lost


###!!! [Child][PContentChild] Error: RunMessage(msgname=PContent::Msg_DiscardBrowsingContext) Channel closing: too late to send/recv, messages will be lost


###!!! [Child][PContentChild] Error: RunMessage(msgname=PContent::Msg_DiscardBrowsingContext) Channel closing: too late to send/recv, messages will be lost


###!!! [Child][PContentChild] Error: RunMessage(msgname=PContent::Msg_DiscardBrowsingContext) Channel closing: too late to send/recv, messages will be lost


###!!! [Child][PContentChild] Error: RunMessage(msgname=PContent::Msg_DiscardBrowsingContext) Channel closing: too late to send/recv, messages will be lost


###!!! [Child][PContentChild] Error: RunMessage(msgname=PContent::Msg_DiscardBrowsingContext) Channel closing: too late to send/recv, messages will be lost


###!!! [Child][PContentChild] Error: RunMessage(msgname=PContent::Msg_DiscardBrowsingContext) Channel closing: too late to send/recv, messages will be lost


###!!! [Child][PContentChild] Error: RunMessage(msgname=PContent::Msg_DiscardBrowsingContext) Channel closing: too late to send/recv, messages will be lost


###!!! [Child][PContentChild] Error: RunMessage(msgname=PContent::Msg_DiscardBrowsingContext) Channel closing: too late to send/recv, messages will be lost


###!!! [Child][PContentChild] Error: RunMessage(msgname=PContent::Msg_DiscardBrowsingContext) Channel closing: too late to send/recv, messages will be lost


###!!! [Child][PContentChild] Error: RunMessage(msgname=PContent::Msg_DiscardBrowsingContext) Channel closing: too late to send/recv, messages will be lost


###!!! [Child][PContentChild] Error: RunMessage(msgname=PContent::Msg_DiscardBrowsingContext) Channel closing: too late to send/recv, messages will be lost


###!!! [Child][PContentChild] Error: RunMessage(msgname=PContent::Msg_DiscardBrowsingContext) Channel closing: too late to send/recv, messages will be lost


###!!! [Child][PContentChild] Error: RunMessage(msgname=PContent::Msg_DiscardBrowsingContext) Channel closing: too late to send/recv, messages will be lost


###!!! [Child][PContentChild] Error: RunMessage(msgname=PContent::Msg_DiscardBrowsingContext) Channel closing: too late to send/recv, messages will be lost


###!!! [Child][PContentChild] Error: RunMessage(msgname=PContent::Msg_DiscardBrowsingContext) Channel closing: too late to send/recv, messages will be lost


###!!! [Child][PContentChild] Error: RunMessage(msgname=PContent::Msg_DiscardBrowsingContext) Channel closing: too late to send/recv, messages will be lost


###!!! [Child][PContentChild] Error: RunMessage(msgname=PContent::Msg_DiscardBrowsingContext) Channel closing: too late to send/recv, messages will be lost


###!!! [Child][PContentChild] Error: RunMessage(msgname=PContent::Msg_DiscardBrowsingContext) Channel closing: too late to send/recv, messages will be lost


###!!! [Child][PContentChild] Error: RunMessage(msgname=PContent::Msg_DiscardBrowsingContext) Channel closing: too late to send/recv, messages will be lost


###!!! [Child][PContentChild] Error: RunMessage(msgname=PContent::Msg_DiscardBrowsingContext) Channel closing: too late to send/recv, messages will be lost


###!!! [Child][PContentChild] Error: RunMessage(msgname=PContent::Msg_DiscardBrowsingContext) Channel closing: too late to send/recv, messages will be lost


###!!! [Child][PContentChild] Error: RunMessage(msgname=PContent::Msg_DiscardBrowsingContext) Channel closing: too late to send/recv, messages will be lost


###!!! [Child][PContentChild] Error: RunMessage(msgname=PContent::Msg_DiscardBrowsingContext) Channel closing: too late to send/recv, messages will be lost


###!!! [Child][PContentChild] Error: RunMessage(msgname=PContent::Msg_DiscardBrowsingContext) Channel closing: too late to send/recv, messages will be lost


###!!! [Child][PContentChild] Error: RunMessage(msgname=PContent::Msg_DiscardBrowsingContext) Channel closing: too late to send/recv, messages will be lost


###!!! [Child][PContentChild] Error: RunMessage(msgname=PContent::Msg_DiscardBrowsingContext) Channel closing: too late to send/recv, messages will be lost


###!!! [Child][PContentChild] Error: RunMessage(msgname=PContent::Msg_DiscardBrowsingContext) Channel closing: too late to send/recv, messages will be lost


###!!! [Child][PContentChild] Error: RunMessage(msgname=PHttpChannel::Msg_FailedAsyncOpen) Channel closing: too late to send/recv, messages will be lost


###!!! [Child][PContentChild] Error: RunMessage(msgname=PContent::Reply_DiscardBrowsingContext) Channel closing: too late to send/recv, messages will be lost


###!!! [Child][PContentChild] Error: RunMessage(msgname=PHttpChannel::Msg_DeleteSelf) Channel closing: too late to send/recv, messages will be lost


###!!! [Child][PContentChild] Error: RunMessage(msgname=PHttpChannel::Msg_DeleteSelf) Channel closing: too late to send/recv, messages will be lost


###!!! [Child][PContentChild] Error: Send(msgname=PContent::Msg_ScriptError) Channel closing: too late to send/recv, messages will be lost


###!!! [Child][PContentChild] Error: RunMessage(msgname=PHttpChannel::Msg_DeleteSelf) Channel closing: too late to send/recv, messages will be lost


###!!! [Child][PContentChild] Error: RunMessage(msgname=PHttpChannel::Msg_DeleteSelf) Channel closing: too late to send/recv, messages will be lost


###!!! [Child][PContentChild] Error: RunMessage(msgname=PHttpChannel::Msg_DeleteSelf) Channel closing: too late to send/recv, messages will be lost


###!!! [Child][PContentChild] Error: RunMessage(msgname=PHttpChannel::Msg_DeleteSelf) Channel closing: too late to send/recv, messages will be lost


###!!! [Child][PContentChild] Error: RunMessage(msgname=PHttpChannel::Msg_DeleteSelf) Channel closing: too late to send/recv, messages will be lost


###!!! [Child][PContentChild] Error: Send(msgname=PContent::Msg_ScriptError) Channel closing: too late to send/recv, messages will be lost


###!!! [Child][PContentChild] Error: RunMessage(msgname=PHttpChannel::Msg_DeleteSelf) Channel closing: too late to send/recv, messages will be lost


###!!! [Child][PContentChild] Error: Send(msgname=PContent::Msg_ScriptError) Channel closing: too late to send/recv, messages will be lost


###!!! [Child][PContentChild] Error: RunMessage(msgname=PHttpChannel::Msg_DeleteSelf) Channel closing: too late to send/recv, messages will be lost


###!!! [Child][PContentChild] Error: Send(msgname=PContent::Msg_ScriptError) Channel closing: too late to send/recv, messages will be lost


###!!! [Child][PContentChild] Error: RunMessage(msgname=PHttpChannel::Msg_DeleteSelf) Channel closing: too late to send/recv, messages will be lost


###!!! [Child][PContentChild] Error: Send(msgname=PContent::Msg_ScriptError) Channel closing: too late to send/recv, messages will be lost


###!!! [Child][PContentChild] Error: RunMessage(msgname=PHttpChannel::Msg_DeleteSelf) Channel closing: too late to send/recv, messages will be lost


###!!! [Child][PContentChild] Error: Send(msgname=PContent::Msg_ScriptError) Channel closing: too late to send/recv, messages will be lost


###!!! [Child][PContentChild] Error: RunMessage(msgname=PHttpChannel::Msg_DeleteSelf) Channel closing: too late to send/recv, messages will be lost


###!!! [Child][PContentChild] Error: Send(msgname=PContent::Msg_ScriptError) Channel closing: too late to send/recv, messages will be lost


###!!! [Child][PContentChild] Error: RunMessage(msgname=PHttpChannel::Msg_DeleteSelf) Channel closing: too late to send/recv, messages will be lost

1654047633977	geckodriver	INFO	Listening on 127.0.0.1:59924
1654047637050	mozrunner::runner	INFO	Running command: "C:\\Program Files\\Mozilla Firefox\\firefox.exe" "--marionette" "--remote-debugging-port" "59925" "--remote-allow-hosts" "localhost" "-no-remote" "-profile" "C:\\Users\\vinic\\AppData\\Local\\Temp\\rust_mozprofile1NJ6iS"
1654047637444	Marionette	INFO	Marionette enabled
WebDriver BiDi listening on ws://localhost:59925
console.warn: SearchSettings: "get: No settings file exists, new profile?" (new NotFoundError("Could not open the file at C:\\Users\\vinic\\AppData\\Local\\Temp\\rust_mozprofile1NJ6iS\\search.json.mozlz4", (void 0)))
1654047639774	Marionette	INFO	Listening on port 59946
DevTools listening on ws://localhost:59925/devtools/browser/2df86682-f2c6-49bd-9680-8fe1d9c87508
Read port: 59946
1654047639840	RemoteAgent	WARN	TLS certificate errors will be ignored for this session
JavaScript error: https://web.whatsapp.com/serviceworker.js, line 1: TypeError: Cache.put: Cache got basic response with bad status 206 while trying to add request https://web.whatsapp.com/sequential-ptt-middle_7fa161964e93db72b8d00ae22189d75f.mp3
JavaScript error: https://web.whatsapp.com/serviceworker.js, line 1: TypeError: Cache.put: Cache got basic response with bad status 206 while trying to add request https://web.whatsapp.com/sequential-ptt-end_62ed28be622237546fd39f9468a76a49.mp3
JavaScript error: https://web.whatsapp.com/serviceworker.js, line 1: TypeError: Cache.put: Cache got basic response with bad status 206 while trying to add request https://web.whatsapp.com/notification_2a485d84012c106acef03b527bb54635.mp3
console.error: "[COMPATIBILITY_APPEND_NODE_FAILURE] topLevelTarget is null"
console.error: "appendNode/<@resource://devtools/client/inspector/compatibility/actions/compatibility.js:58:26\nthunk/</</<@resource://devtools/client/shared/redux/middleware/thunk.js:17:11\n_onMarkupMutation@resource://devtools/client/inspector/compatibility/CompatibilityView.js:201:30\n_emit@resource://devtools/shared/event-emitter.js:242:32\nemit@resource://devtools/shared/event-emitter.js:186:18\nemit@resource://devtools/shared/event-emitter.js:330:18\n_onWalkerMutations/<@resource://devtools/client/inspector/markup/markup.js:1524:22\n"
console.error: "[COMPATIBILITY_APPEND_NODE_FAILURE] topLevelTarget is null"
console.error: "appendNode/<@resource://devtools/client/inspector/compatibility/actions/compatibility.js:58:26\nthunk/</</<@resource://devtools/client/shared/redux/middleware/thunk.js:17:11\n_onMarkupMutation@resource://devtools/client/inspector/compatibility/CompatibilityView.js:201:30\n_emit@resource://devtools/shared/event-emitter.js:242:32\nemit@resource://devtools/shared/event-emitter.js:186:18\nemit@resource://devtools/shared/event-emitter.js:330:18\n_onWalkerMutations/<@resource://devtools/client/inspector/markup/markup.js:1524:22\n"
console.error: "[COMPATIBILITY_APPEND_NODE_FAILURE] topLevelTarget is null"
console.error: "appendNode/<@resource://devtools/client/inspector/compatibility/actions/compatibility.js:58:26\nthunk/</</<@resource://devtools/client/shared/redux/middleware/thunk.js:17:11\n_onMarkupMutation@resource://devtools/client/inspector/compatibility/CompatibilityView.js:201:30\n_emit@resource://devtools/shared/event-emitter.js:242:32\nemit@resource://devtools/shared/event-emitter.js:186:18\nemit@resource://devtools/shared/event-emitter.js:330:18\n_onWalkerMutations/<@resource://devtools/client/inspector/markup/markup.js:1524:22\n"
console.error: "[COMPATIBILITY_APPEND_NODE_FAILURE] topLevelTarget is null"
console.error: "appendNode/<@resource://devtools/client/inspector/compatibility/actions/compatibility.js:58:26\nthunk/</</<@resource://devtools/client/shared/redux/middleware/thunk.js:17:11\n_onMarkupMutation@resource://devtools/client/inspector/compatibility/CompatibilityView.js:201:30\n_emit@resource://devtools/shared/event-emitter.js:242:32\nemit@resource://devtools/shared/event-emitter.js:186:18\nemit@resource://devtools/shared/event-emitter.js:330:18\n_onWalkerMutations/<@resource://devtools/client/inspector/markup/markup.js:1524:22\n"
JavaScript error: , line 0: NotFoundError: No such JSWindowActor 'DevToolsFrame'
JavaScript error: , line 0: NotFoundError: No such JSWindowActor 'DevToolsFrame'
1654048783718	Marionette	INFO	Stopped listening on port 59946
console.warn: TopSitesFeed: Failed to fetch data from Contile server: NetworkError when attempting to fetch resource.
rofile" "C:\\Users\\vinic\\AppData\\Local\\Temp\\rust_mozprofilen7zbec"
1654048714668	Marionette	INFO	Marionette enabled
WebDriver BiDi listening on ws://localhost:61240
console.warn: SearchSettings: "get: No settings file exists, new profile?" (new NotFoundError("Could not open the file at C:\\Users\\vinic\\AppData\\Local\\Temp\\rust_mozprofilen7zbec\\search.json.mozlz4", (void 0)))
1654048718210	Marionette	INFO	Listening on port 61262
DevTools listening on ws://localhost:61240/devtools/browser/8e65e528-f758-4523-8c0a-c5e681f6ae43
Read port: 61262
1654048718459	RemoteAgent	WARN	TLS certificate errors will be ignored for this session
JavaScript error: https://web.whatsapp.com/serviceworker.js, line 1: TypeError: Cache.put: Cache got basic response with bad status 206 while trying to add request https://web.whatsapp.com/sequential-ptt-middle_7fa161964e93db72b8d00ae22189d75f.mp3
JavaScript error: https://web.whatsapp.com/serviceworker.js, line 1: TypeError: Cache.put: Cache got basic response with bad status 206 while trying to add request https://web.whatsapp.com/sequential-ptt-end_62ed28be622237546fd39f9468a76a49.mp3
JavaScript error: https://web.whatsapp.com/serviceworker.js, line 1: TypeError: Cache.put: Cache got basic response with bad status 206 while trying to add request https://web.whatsapp.com/notification_2a485d84012c106acef03b527bb54635.mp3
1654049285943	Marionette	INFO	Stopped listening on port 61262
console.warn: TopSitesFeed: Failed to fetch data from Contile server: NetworkError when attempting to fetch resource.
remote-debugging-port" "54751" "--remote-allow-hosts" "localhost" "-no-remote" "-profile" "C:\\Users\\vinic\\AppData\\Local\\Temp\\rust_mozprofileOrlNVA"
1654049120363	Marionette	INFO	Marionette enabled
WebDriver BiDi listening on ws://localhost:54751
console.warn: SearchSettings: "get: No settings file exists, new profile?" (new NotFoundError("Could not open the file at C:\\Users\\vinic\\AppData\\Local\\Temp\\rust_mozprofileOrlNVA\\search.json.mozlz4", (void 0)))
1654049123629	Marionette	INFO	Listening on port 54772
DevTools listening on ws://localhost:54751/devtools/browser/48d1327b-ae00-434d-b394-c8fafe431682
Read port: 54772
1654049123773	RemoteAgent	WARN	TLS certificate errors will be ignored for this session
JavaScript error: https://web.whatsapp.com/serviceworker.js, line 1: TypeError: Cache.put: Cache got basic response with bad status 206 while trying to add request https://web.whatsapp.com/sequential-ptt-middle_7fa161964e93db72b8d00ae22189d75f.mp3
JavaScript error: https://web.whatsapp.com/serviceworker.js, line 1: TypeError: Cache.put: Cache got basic response with bad status 206 while trying to add request https://web.whatsapp.com/sequential-ptt-end_62ed28be622237546fd39f9468a76a49.mp3
JavaScript error: https://web.whatsapp.com/serviceworker.js, line 1: TypeError: Cache.put: Cache got basic response with bad status 206 while trying to add request https://web.whatsapp.com/notification_2a485d84012c106acef03b527bb54635.mp3
1654049284239	Marionette	INFO	Stopped listening on port 54772
console.warn: TopSitesFeed: Failed to fetch data from Contile server: NetworkError when attempting to fetch resource.
1654069968916	geckodriver	INFO	Listening on 127.0.0.1:58263
1654069971985	mozrunner::runner	INFO	Running command: "C:\\Program Files\\Mozilla Firefox\\firefox.exe" "--marionette" "--remote-debugging-port" "58264" "--remote-allow-hosts" "localhost" "-no-remote" "-profile" "C:\\Users\\vinic\\AppData\\Local\\Temp\\rust_mozprofile4p0nAI"
1654069972437	Marionette	INFO	Marionette enabled
WebDriver BiDi listening on ws://localhost:58264
console.warn: SearchSettings: "get: No settings file exists, new profile?" (new NotFoundError("Could not open the file at C:\\Users\\vinic\\AppData\\Local\\Temp\\rust_mozprofile4p0nAI\\search.json.mozlz4", (void 0)))
1654069975593	Marionette	INFO	Listening on port 58285
DevTools listening on ws://localhost:58264/devtools/browser/6669f7b5-bb2e-4698-a726-6837e7c46427
Read port: 58285
1654069975676	RemoteAgent	WARN	TLS certificate errors will be ignored for this session
JavaScript error: https://web.whatsapp.com/serviceworker.js, line 1: TypeError: Cache.put: Cache got basic response with bad status 206 while trying to add request https://web.whatsapp.com/sequential-ptt-middle_7fa161964e93db72b8d00ae22189d75f.mp3
JavaScript error: https://web.whatsapp.com/serviceworker.js, line 1: TypeError: Cache.put: Cache got basic response with bad status 206 while trying to add request https://web.whatsapp.com/notification_2a485d84012c106acef03b527bb54635.mp3
JavaScript error: https://web.whatsapp.com/serviceworker.js, line 1: TypeError: Cache.put: Cache got basic response with bad status 206 while trying to add request https://web.whatsapp.com/sequential-ptt-end_62ed28be622237546fd39f9468a76a49.mp3
1654070191361	Marionette	INFO	Stopped listening on port 58285
console.warn: TopSitesFeed: Failed to fetch data from Contile server: NetworkError when attempting to fetch resource.
remote-debugging-port" "52519" "--remote-allow-hosts" "localhost" "-no-remote" "-profile" "C:\\Users\\vinic\\AppData\\Local\\Temp\\rust_mozprofilec9l6nM"
1654070152849	Marionette	INFO	Marionette enabled
WebDriver BiDi listening on ws://localhost:52519
console.warn: SearchSettings: "get: No settings file exists, new profile?" (new NotFoundError("Could not open the file at C:\\Users\\vinic\\AppData\\Local\\Temp\\rust_mozprofilec9l6nM\\search.json.mozlz4", (void 0)))
1654070156475	Marionette	INFO	Listening on port 52542
Read port: 52542
1654070156573	RemoteAgent	WARN	TLS certificate errors will be ignored for this session
DevTools listening on ws://localhost:52519/devtools/browser/39226674-8a6a-46cf-89e7-1fe82fd0f4e1
JavaScript error: https://web.whatsapp.com/serviceworker.js, line 1: TypeError: Cache.put: Cache got basic response with bad status 206 while trying to add request https://web.whatsapp.com/sequential-ptt-middle_7fa161964e93db72b8d00ae22189d75f.mp3
JavaScript error: https://web.whatsapp.com/serviceworker.js, line 1: TypeError: Cache.put: Cache got basic response with bad status 206 while trying to add request https://web.whatsapp.com/sequential-ptt-end_62ed28be622237546fd39f9468a76a49.mp3
JavaScript error: https://web.whatsapp.com/serviceworker.js, line 1: TypeError: Cache.put: Cache got basic response with bad status 206 while trying to add request https://web.whatsapp.com/notification_2a485d84012c106acef03b527bb54635.mp3

###!!! [Parent][PBackgroundParent] Error: RunMessage(msgname=PBackgroundIDBDatabase::Msg_Close) Channel closing: too late to send/recv, messages will be lost

1654070807562	Marionette	INFO	Stopped listening on port 52542
console.warn: TopSitesFeed: Failed to fetch data from Contile server: NetworkError when attempting to fetch resource.

###!!! [Parent][PContentParent] Error: Send(msgname=PContent::Msg_DestroyBrowsingContextGroup) Closed channel: cannot send/recv

tings file exists, new profile?" (new NotFoundError("Could not open the file at C:\\Users\\vinic\\AppData\\Local\\Temp\\rust_mozprofileAxvqpl\\search.json.mozlz4", (void 0)))
1654070570993	Marionette	INFO	Listening on port 64979
DevTools listening on ws://localhost:64957/devtools/browser/d6026ea1-d5d4-41d8-9903-df167b74f5c1
Read port: 64979
1654070571103	RemoteAgent	WARN	TLS certificate errors will be ignored for this session
JavaScript error: https://web.whatsapp.com/serviceworker.js, line 1: TypeError: Cache.put: Cache got basic response with bad status 206 while trying to add request https://web.whatsapp.com/sequential-ptt-middle_7fa161964e93db72b8d00ae22189d75f.mp3
JavaScript error: https://web.whatsapp.com/serviceworker.js, line 1: TypeError: Cache.put: Cache got basic response with bad status 206 while trying to add request https://web.whatsapp.com/sequential-ptt-end_62ed28be622237546fd39f9468a76a49.mp3
JavaScript error: https://web.whatsapp.com/serviceworker.js, line 1: TypeError: Cache.put: Cache got basic response with bad status 206 while trying to add request https://web.whatsapp.com/notification_2a485d84012c106acef03b527bb54635.mp3
1654070716294	Marionette	INFO	Stopped listening on port 64979
4070710870	mozrunner::runner	INFO	Running command: "C:\\Program Files\\Mozilla Firefox\\firefox.exe" "--marionette" "--remote-debugging-port" "59903" "--remote-allow-hosts" "localhost" "-no-remote" "-profile" "C:\\Users\\vinic\\AppData\\Local\\Temp\\rust_mozprofilex1SrCx"
1654070711448	Marionette	INFO	Marionette enabled
WebDriver BiDi listening on ws://localhost:59903
console.warn: SearchSettings: "get: No settings file exists, new profile?" (new NotFoundError("Could not open the file at C:\\Users\\vinic\\AppData\\Local\\Temp\\rust_mozprofilex1SrCx\\search.json.mozlz4", (void 0)))
1654070715126	Marionette	INFO	Listening on port 59925
DevTools listening on ws://localhost:59903/devtools/browser/f058590a-58db-4fbe-943b-095ed795aa79
Read port: 59925
1654070715251	RemoteAgent	WARN	TLS certificate errors will be ignored for this session
JavaScript error: https://web.whatsapp.com/serviceworker.js, line 1: TypeError: Cache.put: Cache got basic response with bad status 206 while trying to add request https://web.whatsapp.com/sequential-ptt-middle_7fa161964e93db72b8d00ae22189d75f.mp3
JavaScript error: https://web.whatsapp.com/serviceworker.js, line 1: TypeError: Cache.put: Cache got basic response with bad status 206 while trying to add request https://web.whatsapp.com/sequential-ptt-end_62ed28be622237546fd39f9468a76a49.mp3
JavaScript error: https://web.whatsapp.com/serviceworker.js, line 1: TypeError: Cache.put: Cache got basic response with bad status 206 while trying to add request https://web.whatsapp.com/notification_2a485d84012c106acef03b527bb54635.mp3
JavaScript error: , line 0: NotFoundError: No such JSWindowActor 'DevToolsFrame'
1654071023031	Marionette	INFO	Stopped listening on port 59925
console.warn: TopSitesFeed: Failed to fetch data from Contile server: NetworkError when attempting to fetch resource.
1654071035247	geckodriver	INFO	Listening on 127.0.0.1:65316
1654071038268	mozrunner::runner	INFO	Running command: "C:\\Program Files\\Mozilla Firefox\\firefox.exe" "--marionette" "--remote-debugging-port" "65317" "--remote-allow-hosts" "localhost" "-no-remote" "-profile" "C:\\Users\\vinic\\AppData\\Local\\Temp\\rust_mozprofileJbfteZ"
1654071038704	Marionette	INFO	Marionette enabled
WebDriver BiDi listening on ws://localhost:65317
console.warn: SearchSettings: "get: No settings file exists, new profile?" (new NotFoundError("Could not open the file at C:\\Users\\vinic\\AppData\\Local\\Temp\\rust_mozprofileJbfteZ\\search.json.mozlz4", (void 0)))
1654071041173	Marionette	INFO	Listening on port 65338
DevTools listening on ws://localhost:65317/devtools/browser/e2188101-bf49-42e1-b3cd-a684b067eb49
Read port: 65338
1654071041295	RemoteAgent	WARN	TLS certificate errors will be ignored for this session
JavaScript error: https://web.whatsapp.com/serviceworker.js, line 1: TypeError: Cache.put: Cache got basic response with bad status 206 while trying to add request https://web.whatsapp.com/sequential-ptt-middle_7fa161964e93db72b8d00ae22189d75f.mp3
JavaScript error: https://web.whatsapp.com/serviceworker.js, line 1: TypeError: Cache.put: Cache got basic response with bad status 206 while trying to add request https://web.whatsapp.com/sequential-ptt-end_62ed28be622237546fd39f9468a76a49.mp3
JavaScript error: https://web.whatsapp.com/serviceworker.js, line 1: TypeError: Cache.put: Cache got basic response with bad status 206 while trying to add request https://web.whatsapp.com/notification_2a485d84012c106acef03b527bb54635.mp3
JavaScript error: resource://gre/modules/AsyncShutdown.jsm, line 575: NotFoundError: No such JSWindowActor 'DevToolsFrame'
1654071471258	Marionette	INFO	Stopped listening on port 65338
1654071917424	geckodriver	INFO	Listening on 127.0.0.1:56683
1654071920456	mozrunner::runner	INFO	Running command: "C:\\Program Files\\Mozilla Firefox\\firefox.exe" "--marionette" "--remote-debugging-port" "56684" "--remote-allow-hosts" "localhost" "-no-remote" "-profile" "C:\\Users\\vinic\\AppData\\Local\\Temp\\rust_mozprofileViFWdG"
1654071920915	Marionette	INFO	Marionette enabled
WebDriver BiDi listening on ws://localhost:56684
console.warn: SearchSettings: "get: No settings file exists, new profile?" (new NotFoundError("Could not open the file at C:\\Users\\vinic\\AppData\\Local\\Temp\\rust_mozprofileViFWdG\\search.json.mozlz4", (void 0)))
1654071923729	Marionette	INFO	Listening on port 56706
Read port: 56706
DevTools listening on ws://localhost:56684/devtools/browser/837ed84a-c3aa-4436-9cdc-f5cd45e8ebc9
1654071923775	RemoteAgent	WARN	TLS certificate errors will be ignored for this session
JavaScript error: https://web.whatsapp.com/serviceworker.js, line 1: TypeError: Cache.put: Cache got basic response with bad status 206 while trying to add request https://web.whatsapp.com/sequential-ptt-middle_7fa161964e93db72b8d00ae22189d75f.mp3
JavaScript error: https://web.whatsapp.com/serviceworker.js, line 1: TypeError: Cache.put: Cache got basic response with bad status 206 while trying to add request https://web.whatsapp.com/notification_2a485d84012c106acef03b527bb54635.mp3
JavaScript error: https://web.whatsapp.com/serviceworker.js, line 1: TypeError: Cache.put: Cache got basic response with bad status 206 while trying to add request https://web.whatsapp.com/sequential-ptt-end_62ed28be622237546fd39f9468a76a49.mp3
JavaScript error: , line 0: NotFoundError: No such JSWindowActor 'DevToolsFrame'
1654072215108	Marionette	INFO	Stopped listening on port 56706
console.warn: TopSitesFeed: Failed to fetch data from Contile server: NetworkError when attempting to fetch resource.

###!!! [Parent][PGPUParent] Error: RunMessage(msgname=PGPU::Msg_ShutdownVR) Channel closing: too late to send/recv, messages will be lost

1654072219676	geckodriver	INFO	Listening on 127.0.0.1:51617
1654072222696	mozrunner::runner	INFO	Running command: "C:\\Program Files\\Mozilla Firefox\\firefox.exe" "--marionette" "--remote-debugging-port" "51618" "--remote-allow-hosts" "localhost" "-no-remote" "-profile" "C:\\Users\\vinic\\AppData\\Local\\Temp\\rust_mozprofile1SqrKL"
1654072223102	Marionette	INFO	Marionette enabled
WebDriver BiDi listening on ws://localhost:51618
console.warn: SearchSettings: "get: No settings file exists, new profile?" (new NotFoundError("Could not open the file at C:\\Users\\vinic\\AppData\\Local\\Temp\\rust_mozprofile1SqrKL\\search.json.mozlz4", (void 0)))
1654072225817	Marionette	INFO	Listening on port 51639
DevTools listening on ws://localhost:51618/devtools/browser/e1d892b9-be05-44e2-b55c-efba11763dbc
Read port: 51639
1654072225874	RemoteAgent	WARN	TLS certificate errors will be ignored for this session
JavaScript error: https://web.whatsapp.com/serviceworker.js, line 1: TypeError: Cache.put: Cache got basic response with bad status 206 while trying to add request https://web.whatsapp.com/sequential-ptt-middle_7fa161964e93db72b8d00ae22189d75f.mp3
JavaScript error: https://web.whatsapp.com/serviceworker.js, line 1: TypeError: Cache.put: Cache got basic response with bad status 206 while trying to add request https://web.whatsapp.com/sequential-ptt-end_62ed28be622237546fd39f9468a76a49.mp3
JavaScript error: https://web.whatsapp.com/serviceworker.js, line 1: TypeError: Cache.put: Cache got basic response with bad status 206 while trying to add request https://web.whatsapp.com/notification_2a485d84012c106acef03b527bb54635.mp3
JavaScript error: resource://gre/modules/AsyncShutdown.jsm, line 575: NotFoundError: No such JSWindowActor 'DevToolsFrame'
1654072584557	Marionette	INFO	Stopped listening on port 51639
